<?xml version="1.0" encoding="UTF-8"?>
<!-- Generated by org.testng.reporters.JUnitReportReporter -->
<testsuite hostname="Dimon-PC" name="stringProblem_test.RemoveCharFromStringTest" tests="2" failures="0" timestamp="4 Jun 2015 10:28:25 GMT" time="0.016" errors="0">
  <testcase name="removeCharOneLine" time="0.001" classname="stringProblem_test.RemoveCharFromStringTest"/>
  <testcase name="removeChar" time="0.015" classname="stringProblem_test.RemoveCharFromStringTest"/>
</testsuite> <!-- stringProblem_test.RemoveCharFromStringTest -->
