<?xml version="1.0" encoding="UTF-8"?>
<!-- Generated by org.testng.reporters.JUnitReportReporter -->
<testsuite hostname="Dimon-PC" name="stringProblem_test.RemoveCharFromString_TestNG" tests="2" failures="0" timestamp="6 Jun 2015 00:01:10 GMT" time="0.027" errors="0">
  <testcase name="removeChar" time="0.026" classname="stringProblem_test.RemoveCharFromString_TestNG"/>
  <testcase name="removeCharOneLine" time="0.001" classname="stringProblem_test.RemoveCharFromString_TestNG"/>
</testsuite> <!-- stringProblem_test.RemoveCharFromString_TestNG -->
